java.lang.NullPointerException: Attempt to invoke virtual method 'android.widget.EditText android.support.design.widget.TextInputLayout.getEditText()' on a null object reference
	at org.videolan.vlc.gui.network.MRLPanelFragment.onSaveInstanceState(MRLPanelFragment.java:92)
	at android.support.v4.app.Fragment.performSaveInstanceState(Fragment.java:2109)
	at android.support.v4.app.FragmentManagerImpl.saveFragmentBasicState(FragmentManager.java:1767)
	at android.support.v4.app.FragmentManagerImpl.saveAllState(FragmentManager.java:1835)
	at android.support.v4.app.FragmentController.saveAllState(FragmentController.java:125)
	at android.support.v4.app.FragmentActivity.onSaveInstanceState(FragmentActivity.java:523)
	at org.videolan.vlc.gui.MainActivity.onSaveInstanceState(MainActivity.java:425)
	at android.app.Activity.performSaveInstanceState(Activity.java:1480)
	at android.app.Instrumentation.callActivityOnSaveInstanceState(Instrumentation.java:1313)
	at android.app.ActivityThread.callCallActivityOnSaveInstanceState(ActivityThread.java:4742)
	at android.app.ActivityThread.performStopActivityInner(ActivityThread.java:4057)
	at android.app.ActivityThread.handleStopActivity(ActivityThread.java:4117)
	at android.app.ActivityThread.-wrap27(ActivityThread.java)
	at android.app.ActivityThread$H.handleMessage(ActivityThread.java:1595)
	at android.os.Handler.dispatchMessage(Handler.java:105)
	at android.os.Looper.loop(Looper.java:156)
	at android.app.ActivityThread.main(ActivityThread.java:6523)
	at java.lang.reflect.Method.invoke(Native Method)
	at com.android.internal.os.ZygoteInit$MethodAndArgsCaller.run(ZygoteInit.java:941)
	at com.android.internal.os.ZygoteInit.main(ZygoteInit.java:831)
	at Android.MODEL(BLL-L22)
	at Android.VERSION(7.0)
	at Android.FINGERPRINT(HUAWEI/BLL-L22/HWBLN-H:7.0/HUAWEIBLL-L22/C636B370:user/release-keys)

